# JRE version: Java(TM) SE Runtime Environment (8.0_101-b13) (build 1.8.0_101-b13)
# Java VM: Java HotSpot(TM) 64-Bit Server VM (25.101-b13 mixed mode linux-amd64 compressed oops)
Heap:
 PSYoungGen      total 637952K, used 5005K [0x000000076df80000, 0x00000007a7b00000, 0x00000007c0000000)
  eden space 457216K, 0% used [0x000000076df80000,0x000000076df80000,0x0000000789e00000)
  from space 180736K, 2% used [0x0000000789e00000,0x000000078a2e3650,0x0000000794e80000)
  to   space 182272K, 0% used [0x000000079c900000,0x000000079c900000,0x00000007a7b00000)
 ParOldGen       total 532480K, used 532095K [0x00000006c9e00000, 0x00000006ea600000, 0x000000076df80000)
  object space 532480K, 99% used [0x00000006c9e00000,0x00000006ea59fed0,0x00000006ea600000)
 Metaspace       used 3442K, capacity 4566K, committed 4864K, reserved 1056768K
  class space    used 386K, capacity 390K, committed 512K, reserved 1048576K
GC Heap History (10 events):
Event: 8.884 GC heap after
Heap after GC invocations=9 (full 1):
 PSYoungGen      total 450048K, used 64448K [0x000000076df80000, 0x0000000795800000, 0x00000007c0000000)
  eden space 385536K, 0% used [0x000000076df80000,0x000000076df80000,0x0000000785800000)
  from space 64512K, 99% used [0x0000000791900000,0x00000007957f0000,0x0000000795800000)
  to   space 90112K, 0% used [0x000000078a800000,0x000000078a800000,0x0000000790000000)
 ParOldGen       total 311296K, used 169115K [0x00000006c9e00000, 0x00000006dce00000, 0x000000076df80000)
  object space 311296K, 54% used [0x00000006c9e00000,0x00000006d4326d98,0x00000006dce00000)
 Metaspace       used 3442K, capacity 4566K, committed 4864K, reserved 1056768K
  class space    used 386K, capacity 390K, committed 512K, reserved 1048576K
}
Event: 11.106 GC heap before
{Heap before GC invocations=10 (full 1):
 PSYoungGen      total 450048K, used 449984K [0x000000076df80000, 0x0000000795800000, 0x00000007c0000000)
  eden space 385536K, 100% used [0x000000076df80000,0x0000000785800000,0x0000000785800000)
  from space 64512K, 99% used [0x0000000791900000,0x00000007957f0000,0x0000000795800000)
  to   space 90112K, 0% used [0x000000078a800000,0x000000078a800000,0x0000000790000000)
 ParOldGen       total 311296K, used 169115K [0x00000006c9e00000, 0x00000006dce00000, 0x000000076df80000)
  object space 311296K, 54% used [0x00000006c9e00000,0x00000006d4326d98,0x00000006dce00000)
 Metaspace       used 3442K, capacity 4566K, committed 4864K, reserved 1056768K
  class space    used 386K, capacity 390K, committed 512K, reserved 1048576K
Event: 11.385 GC heap after
Heap after GC invocations=10 (full 1):
 PSYoungGen      total 557568K, used 90089K [0x000000076df80000, 0x000000079d080000, 0x00000007c0000000)
  eden space 467456K, 0% used [0x000000076df80000,0x000000076df80000,0x000000078a800000)
  from space 90112K, 99% used [0x000000078a800000,0x000000078fffa640,0x0000000790000000)
  to   space 133120K, 0% used [0x0000000794e80000,0x0000000794e80000,0x000000079d080000)
 ParOldGen       total 311296K, used 241287K [0x00000006c9e00000, 0x00000006dce00000, 0x000000076df80000)
  object space 311296K, 77% used [0x00000006c9e00000,0x00000006d89a1f38,0x00000006dce00000)
 Metaspace       used 3442K, capacity 4566K, committed 4864K, reserved 1056768K
  class space    used 386K, capacity 390K, committed 512K, reserved 1048576K
}
Event: 15.101 GC heap before
{Heap before GC invocations=11 (full 1):
 PSYoungGen      total 557568K, used 557545K [0x000000076df80000, 0x000000079d080000, 0x00000007c0000000)
  eden space 467456K, 100% used [0x000000076df80000,0x000000078a800000,0x000000078a800000)
  from space 90112K, 99% used [0x000000078a800000,0x000000078fffa640,0x0000000790000000)
  to   space 133120K, 0% used [0x0000000794e80000,0x0000000794e80000,0x000000079d080000)
 ParOldGen       total 311296K, used 241287K [0x00000006c9e00000, 0x00000006dce00000, 0x000000076df80000)
  object space 311296K, 77% used [0x00000006c9e00000,0x00000006d89a1f38,0x00000006dce00000)
 Metaspace       used 3442K, capacity 4566K, committed 4864K, reserved 1056768K
  class space    used 386K, capacity 390K, committed 512K, reserved 1048576K
Event: 16.310 GC heap after
Heap after GC invocations=11 (full 1):
 PSYoungGen      total 590336K, used 133116K [0x000000076df80000, 0x00000007a9c00000, 0x00000007c0000000)
  eden space 457216K, 0% used [0x000000076df80000,0x000000076df80000,0x0000000789e00000)
  from space 133120K, 99% used [0x0000000794e80000,0x000000079d07f038,0x000000079d080000)
  to   space 180736K, 0% used [0x0000000789e00000,0x0000000789e00000,0x0000000794e80000)
 ParOldGen       total 314368K, used 313669K [0x00000006c9e00000, 0x00000006dd100000, 0x000000076df80000)
  object space 314368K, 99% used [0x00000006c9e00000,0x00000006dd051740,0x00000006dd100000)
 Metaspace       used 3442K, capacity 4566K, committed 4864K, reserved 1056768K
  class space    used 386K, capacity 390K, committed 512K, reserved 1048576K
}
Event: 16.320 GC heap before
{Heap before GC invocations=12 (full 2):
 PSYoungGen      total 590336K, used 133116K [0x000000076df80000, 0x00000007a9c00000, 0x00000007c0000000)
  eden space 457216K, 0% used [0x000000076df80000,0x000000076df80000,0x0000000789e00000)
  from space 133120K, 99% used [0x0000000794e80000,0x000000079d07f038,0x000000079d080000)
  to   space 180736K, 0% used [0x0000000789e00000,0x0000000789e00000,0x0000000794e80000)
 ParOldGen       total 314368K, used 313669K [0x00000006c9e00000, 0x00000006dd100000, 0x000000076df80000)
  object space 314368K, 99% used [0x00000006c9e00000,0x00000006dd051740,0x00000006dd100000)
 Metaspace       used 3442K, capacity 4566K, committed 4864K, reserved 1056768K
  class space    used 386K, capacity 390K, committed 512K, reserved 1048576K
Event: 18.987 GC heap after
Heap after GC invocations=12 (full 2):
 PSYoungGen      total 590336K, used 118154K [0x000000076df80000, 0x00000007a9c00000, 0x00000007c0000000)
  eden space 457216K, 0% used [0x000000076df80000,0x000000076df80000,0x0000000789e00000)
  from space 133120K, 88% used [0x0000000794e80000,0x000000079c1e2830,0x000000079d080000)
  to   space 180736K, 0% used [0x0000000789e00000,0x0000000789e00000,0x0000000794e80000)
 ParOldGen       total 532480K, used 313989K [0x00000006c9e00000, 0x00000006ea600000, 0x000000076df80000)
  object space 532480K, 58% used [0x00000006c9e00000,0x00000006dd0a1498,0x00000006ea600000)
 Metaspace       used 3442K, capacity 4566K, committed 4864K, reserved 1056768K
  class space    used 386K, capacity 390K, committed 512K, reserved 1048576K
}
Event: 23.100 GC heap before
{Heap before GC invocations=13 (full 2):
 PSYoungGen      total 590336K, used 575370K [0x000000076df80000, 0x00000007a9c00000, 0x00000007c0000000)
  eden space 457216K, 100% used [0x000000076df80000,0x0000000789e00000,0x0000000789e00000)
  from space 133120K, 88% used [0x0000000794e80000,0x000000079c1e2830,0x000000079d080000)
  to   space 180736K, 0% used [0x0000000789e00000,0x0000000789e00000,0x0000000794e80000)
 ParOldGen       total 532480K, used 313989K [0x00000006c9e00000, 0x00000006ea600000, 0x000000076df80000)
  object space 532480K, 58% used [0x00000006c9e00000,0x00000006dd0a1498,0x00000006ea600000)
 Metaspace       used 3442K, capacity 4566K, committed 4864K, reserved 1056768K
  class space    used 386K, capacity 390K, committed 512K, reserved 1048576K
Event: 23.604 GC heap after
Heap after GC invocations=13 (full 2):
 PSYoungGen      total 637952K, used 105463K [0x000000076df80000, 0x00000007a7b00000, 0x00000007c0000000)
  eden space 457216K, 0% used [0x000000076df80000,0x000000076df80000,0x0000000789e00000)
  from space 180736K, 58% used [0x0000000789e00000,0x00000007904fdda0,0x0000000794e80000)
  to   space 182272K, 0% used [0x000000079c900000,0x000000079c900000,0x00000007a7b00000)
 ParOldGen       total 532480K, used 432308K [0x00000006c9e00000, 0x00000006ea600000, 0x000000076df80000)
  object space 532480K, 81% used [0x00000006c9e00000,0x00000006e442d1c8,0x00000006ea600000)
 Metaspace       used 3442K, capacity 4566K, committed 4864K, reserved 1056768K
  class space    used 386K, capacity 390K, committed 512K, reserved 1048576K
}
Event: 23.607 GC heap before
{Heap before GC invocations=14 (full 3):
 PSYoungGen      total 637952K, used 105463K [0x000000076df80000, 0x00000007a7b00000, 0x00000007c0000000)
  eden space 457216K, 0% used [0x000000076df80000,0x000000076df80000,0x0000000789e00000)
  from space 180736K, 58% used [0x0000000789e00000,0x00000007904fdda0,0x0000000794e80000)
  to   space 182272K, 0% used [0x000000079c900000,0x000000079c900000,0x00000007a7b00000)
 ParOldGen       total 532480K, used 432308K [0x00000006c9e00000, 0x00000006ea600000, 0x000000076df80000)
  object space 532480K, 81% used [0x00000006c9e00000,0x00000006e442d1c8,0x00000006ea600000)
 Metaspace       used 3442K, capacity 4566K, committed 4864K, reserved 1056768K
  class space    used 386K, capacity 390K, committed 512K, reserved 1048576K

