# JRE version: Java(TM) SE Runtime Environment (8.0_101-b13) (build 1.8.0_101-b13)
# Java VM: Java HotSpot(TM) 64-Bit Server VM (25.101-b13 mixed mode linux-amd64 compressed oops)
Heap:
 PSYoungGen      total 702976K, used 108427K [0x000000076df80000, 0x00000007ad480000, 0x00000007c0000000)
  eden space 516608K, 0% used [0x000000076df80000,0x000000076df80000,0x000000078d800000)
  from space 186368K, 58% used [0x000000079bd80000,0x00000007a2762d38,0x00000007a7380000)
  to   space 235008K, 0% used [0x000000078d800000,0x000000078d800000,0x000000079bd80000)
 ParOldGen       total 541184K, used 541102K [0x00000006c9e00000, 0x00000006eae80000, 0x000000076df80000)
  object space 541184K, 99% used [0x00000006c9e00000,0x00000006eae6bbe8,0x00000006eae80000)
 Metaspace       used 3440K, capacity 4566K, committed 4864K, reserved 1056768K
  class space    used 386K, capacity 390K, committed 512K, reserved 1048576K
GC Heap History (10 events):
Event: 12.458 GC heap after
Heap after GC invocations=10 (full 1):
 PSYoungGen      total 557056K, used 90609K [0x000000076df80000, 0x000000079d680000, 0x00000007c0000000)
  eden space 466432K, 0% used [0x000000076df80000,0x000000076df80000,0x000000078a700000)
  from space 90624K, 99% used [0x000000078a700000,0x000000078ff7c5c0,0x000000078ff80000)
  to   space 134144K, 0% used [0x0000000795380000,0x0000000795380000,0x000000079d680000)
 ParOldGen       total 310784K, used 241954K [0x00000006c9e00000, 0x00000006dcd80000, 0x000000076df80000)
  object space 310784K, 77% used [0x00000006c9e00000,0x00000006d8a48880,0x00000006dcd80000)
 Metaspace       used 3440K, capacity 4566K, committed 4864K, reserved 1056768K
  class space    used 386K, capacity 390K, committed 512K, reserved 1048576K
}
Event: 15.752 GC heap before
{Heap before GC invocations=11 (full 1):
 PSYoungGen      total 557056K, used 557041K [0x000000076df80000, 0x000000079d680000, 0x00000007c0000000)
  eden space 466432K, 100% used [0x000000076df80000,0x000000078a700000,0x000000078a700000)
  from space 90624K, 99% used [0x000000078a700000,0x000000078ff7c5c0,0x000000078ff80000)
  to   space 134144K, 0% used [0x0000000795380000,0x0000000795380000,0x000000079d680000)
 ParOldGen       total 310784K, used 241954K [0x00000006c9e00000, 0x00000006dcd80000, 0x000000076df80000)
  object space 310784K, 77% used [0x00000006c9e00000,0x00000006d8a48880,0x00000006dcd80000)
 Metaspace       used 3440K, capacity 4566K, committed 4864K, reserved 1056768K
  class space    used 386K, capacity 390K, committed 512K, reserved 1048576K
Event: 15.983 GC heap after
Heap after GC invocations=11 (full 1):
 PSYoungGen      total 594944K, used 134130K [0x000000076df80000, 0x00000007a9480000, 0x00000007c0000000)
  eden space 460800K, 0% used [0x000000076df80000,0x000000076df80000,0x000000078a180000)
  from space 134144K, 99% used [0x0000000795380000,0x000000079d67cbe8,0x000000079d680000)
  to   space 182272K, 0% used [0x000000078a180000,0x000000078a180000,0x0000000795380000)
 ParOldGen       total 314880K, used 314647K [0x00000006c9e00000, 0x00000006dd180000, 0x000000076df80000)
  object space 314880K, 99% used [0x00000006c9e00000,0x00000006dd145c18,0x00000006dd180000)
 Metaspace       used 3440K, capacity 4566K, committed 4864K, reserved 1056768K
  class space    used 386K, capacity 390K, committed 512K, reserved 1048576K
}
Event: 15.983 GC heap before
{Heap before GC invocations=12 (full 2):
 PSYoungGen      total 594944K, used 134130K [0x000000076df80000, 0x00000007a9480000, 0x00000007c0000000)
  eden space 460800K, 0% used [0x000000076df80000,0x000000076df80000,0x000000078a180000)
  from space 134144K, 99% used [0x0000000795380000,0x000000079d67cbe8,0x000000079d680000)
  to   space 182272K, 0% used [0x000000078a180000,0x000000078a180000,0x0000000795380000)
 ParOldGen       total 314880K, used 314647K [0x00000006c9e00000, 0x00000006dd180000, 0x000000076df80000)
  object space 314880K, 99% used [0x00000006c9e00000,0x00000006dd145c18,0x00000006dd180000)
 Metaspace       used 3440K, capacity 4566K, committed 4864K, reserved 1056768K
  class space    used 386K, capacity 390K, committed 512K, reserved 1048576K
Event: 17.806 GC heap after
Heap after GC invocations=12 (full 2):
 PSYoungGen      total 594944K, used 119169K [0x000000076df80000, 0x00000007a9480000, 0x00000007c0000000)
  eden space 460800K, 0% used [0x000000076df80000,0x000000076df80000,0x000000078a180000)
  from space 134144K, 88% used [0x0000000795380000,0x000000079c7e04d0,0x000000079d680000)
  to   space 182272K, 0% used [0x000000078a180000,0x000000078a180000,0x0000000795380000)
 ParOldGen       total 541184K, used 314565K [0x00000006c9e00000, 0x00000006eae80000, 0x000000076df80000)
  object space 541184K, 58% used [0x00000006c9e00000,0x00000006dd131500,0x00000006eae80000)
 Metaspace       used 3440K, capacity 4566K, committed 4864K, reserved 1056768K
  class space    used 386K, capacity 390K, committed 512K, reserved 1048576K
}
Event: 21.946 GC heap before
{Heap before GC invocations=13 (full 2):
 PSYoungGen      total 594944K, used 579969K [0x000000076df80000, 0x00000007a9480000, 0x00000007c0000000)
  eden space 460800K, 100% used [0x000000076df80000,0x000000078a180000,0x000000078a180000)
  from space 134144K, 88% used [0x0000000795380000,0x000000079c7e04d0,0x000000079d680000)
  to   space 182272K, 0% used [0x000000078a180000,0x000000078a180000,0x0000000795380000)
 ParOldGen       total 541184K, used 314565K [0x00000006c9e00000, 0x00000006eae80000, 0x000000076df80000)
  object space 541184K, 58% used [0x00000006c9e00000,0x00000006dd131500,0x00000006eae80000)
 Metaspace       used 3440K, capacity 4566K, committed 4864K, reserved 1056768K
  class space    used 386K, capacity 390K, committed 512K, reserved 1048576K
Event: 22.317 GC heap after
Heap after GC invocations=13 (full 2):
 PSYoungGen      total 643072K, used 112723K [0x000000076df80000, 0x00000007a7380000, 0x00000007c0000000)
  eden space 460800K, 0% used [0x000000076df80000,0x000000076df80000,0x000000078a180000)
  from space 182272K, 61% used [0x000000078a180000,0x0000000790f94ca8,0x0000000795380000)
  to   space 186368K, 0% used [0x000000079bd80000,0x000000079bd80000,0x00000007a7380000)
 ParOldGen       total 541184K, used 430654K [0x00000006c9e00000, 0x00000006eae80000, 0x000000076df80000)
  object space 541184K, 79% used [0x00000006c9e00000,0x00000006e428fa58,0x00000006eae80000)
 Metaspace       used 3440K, capacity 4566K, committed 4864K, reserved 1056768K
  class space    used 386K, capacity 390K, committed 512K, reserved 1048576K
}
Event: 27.061 GC heap before
{Heap before GC invocations=14 (full 2):
 PSYoungGen      total 643072K, used 573523K [0x000000076df80000, 0x00000007a7380000, 0x00000007c0000000)
  eden space 460800K, 100% used [0x000000076df80000,0x000000078a180000,0x000000078a180000)
  from space 182272K, 61% used [0x000000078a180000,0x0000000790f94ca8,0x0000000795380000)
  to   space 186368K, 0% used [0x000000079bd80000,0x000000079bd80000,0x00000007a7380000)
 ParOldGen       total 541184K, used 430654K [0x00000006c9e00000, 0x00000006eae80000, 0x000000076df80000)
  object space 541184K, 79% used [0x00000006c9e00000,0x00000006e428fa58,0x00000006eae80000)
 Metaspace       used 3440K, capacity 4566K, committed 4864K, reserved 1056768K
  class space    used 386K, capacity 390K, committed 512K, reserved 1048576K
Event: 27.617 GC heap after
Heap after GC invocations=14 (full 2):
 PSYoungGen      total 702976K, used 186352K [0x000000076df80000, 0x00000007ad480000, 0x00000007c0000000)
  eden space 516608K, 0% used [0x000000076df80000,0x000000076df80000,0x000000078d800000)
  from space 186368K, 99% used [0x000000079bd80000,0x00000007a737c2d8,0x00000007a7380000)
  to   space 235008K, 0% used [0x000000078d800000,0x000000078d800000,0x000000079bd80000)
 ParOldGen       total 541184K, used 480341K [0x00000006c9e00000, 0x00000006eae80000, 0x000000076df80000)
  object space 541184K, 88% used [0x00000006c9e00000,0x00000006e7315600,0x00000006eae80000)
 Metaspace       used 3440K, capacity 4566K, committed 4864K, reserved 1056768K
  class space    used 386K, capacity 390K, committed 512K, reserved 1048576K
}
Event: 27.620 GC heap before
{Heap before GC invocations=15 (full 3):
 PSYoungGen      total 702976K, used 186352K [0x000000076df80000, 0x00000007ad480000, 0x00000007c0000000)
  eden space 516608K, 0% used [0x000000076df80000,0x000000076df80000,0x000000078d800000)
  from space 186368K, 99% used [0x000000079bd80000,0x00000007a737c2d8,0x00000007a7380000)
  to   space 235008K, 0% used [0x000000078d800000,0x000000078d800000,0x000000079bd80000)
 ParOldGen       total 541184K, used 480341K [0x00000006c9e00000, 0x00000006eae80000, 0x000000076df80000)
  object space 541184K, 88% used [0x00000006c9e00000,0x00000006e7315600,0x00000006eae80000)
 Metaspace       used 3440K, capacity 4566K, committed 4864K, reserved 1056768K
  class space    used 386K, capacity 390K, committed 512K, reserved 1048576K

