# JRE version: Java(TM) SE Runtime Environment (8.0_101-b13) (build 1.8.0_101-b13)
# Java VM: Java HotSpot(TM) 64-Bit Server VM (25.101-b13 mixed mode linux-amd64 compressed oops)
Heap:
 PSYoungGen      total 1176576K, used 0K [0x000000076df80000, 0x00000007c0000000, 0x00000007c0000000)
  eden space 1009152K, 0% used [0x000000076df80000,0x000000076df80000,0x00000007ab900000)
  from space 167424K, 0% used [0x00000007ab900000,0x00000007ab900000,0x00000007b5c80000)
  to   space 167424K, 0% used [0x00000007b5c80000,0x00000007b5c80000,0x00000007c0000000)
 ParOldGen       total 1156096K, used 504113K [0x00000006c9e00000, 0x0000000710700000, 0x000000076df80000)
  object space 1156096K, 43% used [0x00000006c9e00000,0x00000006e8a4c7c8,0x0000000710700000)
 Metaspace       used 3745K, capacity 4640K, committed 4864K, reserved 1056768K
  class space    used 410K, capacity 464K, committed 512K, reserved 1048576K
GC Heap History (10 events):
Event: 278.334 GC heap after
Heap after GC invocations=74 (full 11):
 PSYoungGen      total 1175040K, used 143520K [0x000000076df80000, 0x00000007c0000000, 0x00000007c0000000)
  eden space 1008640K, 0% used [0x000000076df80000,0x000000076df80000,0x00000007ab880000)
  from space 166400K, 86% used [0x00000007ab880000,0x00000007b44a8000,0x00000007b5b00000)
  to   space 166912K, 0% used [0x00000007b5d00000,0x00000007b5d00000,0x00000007c0000000)
 ParOldGen       total 1156096K, used 420208K [0x00000006c9e00000, 0x0000000710700000, 0x000000076df80000)
  object space 1156096K, 36% used [0x00000006c9e00000,0x00000006e385c238,0x0000000710700000)
 Metaspace       used 3723K, capacity 4640K, committed 4864K, reserved 1056768K
  class space    used 410K, capacity 464K, committed 512K, reserved 1048576K
}
Event: 309.218 GC heap before
{Heap before GC invocations=75 (full 11):
 PSYoungGen      total 1175040K, used 1152160K [0x000000076df80000, 0x00000007c0000000, 0x00000007c0000000)
  eden space 1008640K, 100% used [0x000000076df80000,0x00000007ab880000,0x00000007ab880000)
  from space 166400K, 86% used [0x00000007ab880000,0x00000007b44a8000,0x00000007b5b00000)
  to   space 166912K, 0% used [0x00000007b5d00000,0x00000007b5d00000,0x00000007c0000000)
 ParOldGen       total 1156096K, used 420208K [0x00000006c9e00000, 0x0000000710700000, 0x000000076df80000)
  object space 1156096K, 36% used [0x00000006c9e00000,0x00000006e385c238,0x0000000710700000)
 Metaspace       used 3745K, capacity 4640K, committed 4864K, reserved 1056768K
  class space    used 410K, capacity 464K, committed 512K, reserved 1048576K
Event: 309.506 GC heap after
Heap after GC invocations=75 (full 11):
 PSYoungGen      total 1177088K, used 141920K [0x000000076df80000, 0x00000007bff80000, 0x00000007c0000000)
  eden space 1010688K, 0% used [0x000000076df80000,0x000000076df80000,0x00000007aba80000)
  from space 166400K, 85% used [0x00000007b5d00000,0x00000007be798000,0x00000007bff80000)
  to   space 166400K, 0% used [0x00000007aba80000,0x00000007aba80000,0x00000007b5d00000)
 ParOldGen       total 1156096K, used 564312K [0x00000006c9e00000, 0x0000000710700000, 0x000000076df80000)
  object space 1156096K, 48% used [0x00000006c9e00000,0x00000006ec516238,0x0000000710700000)
 Metaspace       used 3745K, capacity 4640K, committed 4864K, reserved 1056768K
  class space    used 410K, capacity 464K, committed 512K, reserved 1048576K
}
Event: 311.455 GC heap before
{Heap before GC invocations=76 (full 11):
 PSYoungGen      total 1177088K, used 1152608K [0x000000076df80000, 0x00000007bff80000, 0x00000007c0000000)
  eden space 1010688K, 100% used [0x000000076df80000,0x00000007aba80000,0x00000007aba80000)
  from space 166400K, 85% used [0x00000007b5d00000,0x00000007be798000,0x00000007bff80000)
  to   space 166400K, 0% used [0x00000007aba80000,0x00000007aba80000,0x00000007b5d00000)
 ParOldGen       total 1156096K, used 564312K [0x00000006c9e00000, 0x0000000710700000, 0x000000076df80000)
  object space 1156096K, 48% used [0x00000006c9e00000,0x00000006ec516238,0x0000000710700000)
 Metaspace       used 3745K, capacity 4640K, committed 4864K, reserved 1056768K
  class space    used 410K, capacity 464K, committed 512K, reserved 1048576K
Event: 311.754 GC heap after
Heap after GC invocations=76 (full 11):
 PSYoungGen      total 1177088K, used 144288K [0x000000076df80000, 0x00000007c0000000, 0x00000007c0000000)
  eden space 1010688K, 0% used [0x000000076df80000,0x000000076df80000,0x00000007aba80000)
  from space 166400K, 86% used [0x00000007aba80000,0x00000007b4768000,0x00000007b5d00000)
  to   space 166400K, 0% used [0x00000007b5d80000,0x00000007b5d80000,0x00000007c0000000)
 ParOldGen       total 1156096K, used 706744K [0x00000006c9e00000, 0x0000000710700000, 0x000000076df80000)
  object space 1156096K, 61% used [0x00000006c9e00000,0x00000006f502e248,0x0000000710700000)
 Metaspace       used 3745K, capacity 4640K, committed 4864K, reserved 1056768K
  class space    used 410K, capacity 464K, committed 512K, reserved 1048576K
}
Event: 313.688 GC heap before
{Heap before GC invocations=77 (full 11):
 PSYoungGen      total 1177088K, used 1154976K [0x000000076df80000, 0x00000007c0000000, 0x00000007c0000000)
  eden space 1010688K, 100% used [0x000000076df80000,0x00000007aba80000,0x00000007aba80000)
  from space 166400K, 86% used [0x00000007aba80000,0x00000007b4768000,0x00000007b5d00000)
  to   space 166400K, 0% used [0x00000007b5d80000,0x00000007b5d80000,0x00000007c0000000)
 ParOldGen       total 1156096K, used 706744K [0x00000006c9e00000, 0x0000000710700000, 0x000000076df80000)
  object space 1156096K, 61% used [0x00000006c9e00000,0x00000006f502e248,0x0000000710700000)
 Metaspace       used 3745K, capacity 4640K, committed 4864K, reserved 1056768K
  class space    used 410K, capacity 464K, committed 512K, reserved 1048576K
Event: 313.972 GC heap after
Heap after GC invocations=77 (full 11):
 PSYoungGen      total 1175552K, used 146624K [0x000000076df80000, 0x00000007c0000000, 0x00000007c0000000)
  eden space 1009152K, 0% used [0x000000076df80000,0x000000076df80000,0x00000007ab900000)
  from space 166400K, 88% used [0x00000007b5d80000,0x00000007becb0000,0x00000007c0000000)
  to   space 167424K, 0% used [0x00000007ab900000,0x00000007ab900000,0x00000007b5c80000)
 ParOldGen       total 1156096K, used 851536K [0x00000006c9e00000, 0x0000000710700000, 0x000000076df80000)
  object space 1156096K, 73% used [0x00000006c9e00000,0x00000006fdd94248,0x0000000710700000)
 Metaspace       used 3745K, capacity 4640K, committed 4864K, reserved 1056768K
  class space    used 410K, capacity 464K, committed 512K, reserved 1048576K
}
Event: 315.921 GC heap before
{Heap before GC invocations=78 (full 11):
 PSYoungGen      total 1175552K, used 1155776K [0x000000076df80000, 0x00000007c0000000, 0x00000007c0000000)
  eden space 1009152K, 100% used [0x000000076df80000,0x00000007ab900000,0x00000007ab900000)
  from space 166400K, 88% used [0x00000007b5d80000,0x00000007becb0000,0x00000007c0000000)
  to   space 167424K, 0% used [0x00000007ab900000,0x00000007ab900000,0x00000007b5c80000)
 ParOldGen       total 1156096K, used 851536K [0x00000006c9e00000, 0x0000000710700000, 0x000000076df80000)
  object space 1156096K, 73% used [0x00000006c9e00000,0x00000006fdd94248,0x0000000710700000)
 Metaspace       used 3745K, capacity 4640K, committed 4864K, reserved 1056768K
  class space    used 410K, capacity 464K, committed 512K, reserved 1048576K
Event: 316.326 GC heap after
Heap after GC invocations=78 (full 11):
 PSYoungGen      total 1176576K, used 145984K [0x000000076df80000, 0x00000007c0000000, 0x00000007c0000000)
  eden space 1009152K, 0% used [0x000000076df80000,0x000000076df80000,0x00000007ab900000)
  from space 167424K, 87% used [0x00000007ab900000,0x00000007b4790000,0x00000007b5c80000)
  to   space 167424K, 0% used [0x00000007b5c80000,0x00000007b5c80000,0x00000007c0000000)
 ParOldGen       total 1156096K, used 998712K [0x00000006c9e00000, 0x0000000710700000, 0x000000076df80000)
  object space 1156096K, 86% used [0x00000006c9e00000,0x0000000706d4e248,0x0000000710700000)
 Metaspace       used 3745K, capacity 4640K, committed 4864K, reserved 1056768K
  class space    used 410K, capacity 464K, committed 512K, reserved 1048576K
}
Event: 316.327 GC heap before
{Heap before GC invocations=79 (full 12):
 PSYoungGen      total 1176576K, used 145984K [0x000000076df80000, 0x00000007c0000000, 0x00000007c0000000)
  eden space 1009152K, 0% used [0x000000076df80000,0x000000076df80000,0x00000007ab900000)
  from space 167424K, 87% used [0x00000007ab900000,0x00000007b4790000,0x00000007b5c80000)
  to   space 167424K, 0% used [0x00000007b5c80000,0x00000007b5c80000,0x00000007c0000000)
 ParOldGen       total 1156096K, used 998712K [0x00000006c9e00000, 0x0000000710700000, 0x000000076df80000)
  object space 1156096K, 86% used [0x00000006c9e00000,0x0000000706d4e248,0x0000000710700000)
 Metaspace       used 3745K, capacity 4640K, committed 4864K, reserved 1056768K
  class space    used 410K, capacity 464K, committed 512K, reserved 1048576K

