# JRE version: Java(TM) SE Runtime Environment (8.0_101-b13) (build 1.8.0_101-b13)
# Java VM: Java HotSpot(TM) 64-Bit Server VM (25.101-b13 mixed mode linux-amd64 compressed oops)
Heap:
 PSYoungGen      total 633856K, used 0K [0x000000076df80000, 0x00000007a6500000, 0x00000007c0000000)
  eden space 451072K, 0% used [0x000000076df80000,0x000000076df80000,0x0000000789800000)
  from space 182784K, 0% used [0x0000000789800000,0x0000000789800000,0x0000000794a80000)
  to   space 185344K, 0% used [0x000000079b000000,0x000000079b000000,0x00000007a6500000)
 ParOldGen       total 542720K, used 539579K [0x00000006c9e00000, 0x00000006eb000000, 0x000000076df80000)
  object space 542720K, 99% used [0x00000006c9e00000,0x00000006eaceec58,0x00000006eb000000)
 Metaspace       used 3441K, capacity 4566K, committed 4864K, reserved 1056768K
  class space    used 386K, capacity 390K, committed 512K, reserved 1048576K
GC Heap History (10 events):
Event: 8.484 GC heap after
Heap after GC invocations=9 (full 1):
 PSYoungGen      total 448000K, used 65760K [0x000000076df80000, 0x0000000795980000, 0x00000007c0000000)
  eden space 381952K, 0% used [0x000000076df80000,0x000000076df80000,0x0000000785480000)
  from space 66048K, 99% used [0x0000000791900000,0x0000000795938000,0x0000000795980000)
  to   space 91648K, 0% used [0x000000078a680000,0x000000078a680000,0x0000000790000000)
 ParOldGen       total 312320K, used 169311K [0x00000006c9e00000, 0x00000006dcf00000, 0x000000076df80000)
  object space 312320K, 54% used [0x00000006c9e00000,0x00000006d4357ec0,0x00000006dcf00000)
 Metaspace       used 3441K, capacity 4566K, committed 4864K, reserved 1056768K
  class space    used 386K, capacity 390K, committed 512K, reserved 1048576K
}
Event: 10.612 GC heap before
{Heap before GC invocations=10 (full 1):
 PSYoungGen      total 448000K, used 447712K [0x000000076df80000, 0x0000000795980000, 0x00000007c0000000)
  eden space 381952K, 100% used [0x000000076df80000,0x0000000785480000,0x0000000785480000)
  from space 66048K, 99% used [0x0000000791900000,0x0000000795938000,0x0000000795980000)
  to   space 91648K, 0% used [0x000000078a680000,0x000000078a680000,0x0000000790000000)
 ParOldGen       total 312320K, used 169311K [0x00000006c9e00000, 0x00000006dcf00000, 0x000000076df80000)
  object space 312320K, 54% used [0x00000006c9e00000,0x00000006d4357ec0,0x00000006dcf00000)
 Metaspace       used 3441K, capacity 4566K, committed 4864K, reserved 1056768K
  class space    used 386K, capacity 390K, committed 512K, reserved 1048576K
Event: 10.817 GC heap after
Heap after GC invocations=10 (full 1):
 PSYoungGen      total 557568K, used 91642K [0x000000076df80000, 0x000000079ce00000, 0x00000007c0000000)
  eden space 465920K, 0% used [0x000000076df80000,0x000000076df80000,0x000000078a680000)
  from space 91648K, 99% used [0x000000078a680000,0x000000078fffe9a0,0x0000000790000000)
  to   space 134656K, 0% used [0x0000000794a80000,0x0000000794a80000,0x000000079ce00000)
 ParOldGen       total 312320K, used 241290K [0x00000006c9e00000, 0x00000006dcf00000, 0x000000076df80000)
  object space 312320K, 77% used [0x00000006c9e00000,0x00000006d89a2880,0x00000006dcf00000)
 Metaspace       used 3441K, capacity 4566K, committed 4864K, reserved 1056768K
  class space    used 386K, capacity 390K, committed 512K, reserved 1048576K
}
Event: 14.092 GC heap before
{Heap before GC invocations=11 (full 1):
 PSYoungGen      total 557568K, used 557562K [0x000000076df80000, 0x000000079ce00000, 0x00000007c0000000)
  eden space 465920K, 100% used [0x000000076df80000,0x000000078a680000,0x000000078a680000)
  from space 91648K, 99% used [0x000000078a680000,0x000000078fffe9a0,0x0000000790000000)
  to   space 134656K, 0% used [0x0000000794a80000,0x0000000794a80000,0x000000079ce00000)
 ParOldGen       total 312320K, used 241290K [0x00000006c9e00000, 0x00000006dcf00000, 0x000000076df80000)
  object space 312320K, 77% used [0x00000006c9e00000,0x00000006d89a2880,0x00000006dcf00000)
 Metaspace       used 3441K, capacity 4566K, committed 4864K, reserved 1056768K
  class space    used 386K, capacity 390K, committed 512K, reserved 1048576K
Event: 14.335 GC heap after
Heap after GC invocations=11 (full 1):
 PSYoungGen      total 585728K, used 134642K [0x000000076df80000, 0x00000007a8f00000, 0x00000007c0000000)
  eden space 451072K, 0% used [0x000000076df80000,0x000000076df80000,0x0000000789800000)
  from space 134656K, 99% used [0x0000000794a80000,0x000000079cdfca30,0x000000079ce00000)
  to   space 182784K, 0% used [0x0000000789800000,0x0000000789800000,0x0000000794a80000)
 ParOldGen       total 314368K, used 314325K [0x00000006c9e00000, 0x00000006dd100000, 0x000000076df80000)
  object space 314368K, 99% used [0x00000006c9e00000,0x00000006dd0f5578,0x00000006dd100000)
 Metaspace       used 3441K, capacity 4566K, committed 4864K, reserved 1056768K
  class space    used 386K, capacity 390K, committed 512K, reserved 1048576K
}
Event: 14.335 GC heap before
{Heap before GC invocations=12 (full 2):
 PSYoungGen      total 585728K, used 134642K [0x000000076df80000, 0x00000007a8f00000, 0x00000007c0000000)
  eden space 451072K, 0% used [0x000000076df80000,0x000000076df80000,0x0000000789800000)
  from space 134656K, 99% used [0x0000000794a80000,0x000000079cdfca30,0x000000079ce00000)
  to   space 182784K, 0% used [0x0000000789800000,0x0000000789800000,0x0000000794a80000)
 ParOldGen       total 314368K, used 314325K [0x00000006c9e00000, 0x00000006dd100000, 0x000000076df80000)
  object space 314368K, 99% used [0x00000006c9e00000,0x00000006dd0f5578,0x00000006dd100000)
 Metaspace       used 3441K, capacity 4566K, committed 4864K, reserved 1056768K
  class space    used 386K, capacity 390K, committed 512K, reserved 1048576K
Event: 16.208 GC heap after
Heap after GC invocations=12 (full 2):
 PSYoungGen      total 585728K, used 120189K [0x000000076df80000, 0x00000007a8f00000, 0x00000007c0000000)
  eden space 451072K, 0% used [0x000000076df80000,0x000000076df80000,0x0000000789800000)
  from space 134656K, 89% used [0x0000000794a80000,0x000000079bfdf6b8,0x000000079ce00000)
  to   space 182784K, 0% used [0x0000000789800000,0x0000000789800000,0x0000000794a80000)
 ParOldGen       total 542720K, used 314305K [0x00000006c9e00000, 0x00000006eb000000, 0x000000076df80000)
  object space 542720K, 57% used [0x00000006c9e00000,0x00000006dd0f06d0,0x00000006eb000000)
 Metaspace       used 3441K, capacity 4566K, committed 4864K, reserved 1056768K
  class space    used 386K, capacity 390K, committed 512K, reserved 1048576K
}
Event: 20.187 GC heap before
{Heap before GC invocations=13 (full 2):
 PSYoungGen      total 585728K, used 571261K [0x000000076df80000, 0x00000007a8f00000, 0x00000007c0000000)
  eden space 451072K, 100% used [0x000000076df80000,0x0000000789800000,0x0000000789800000)
  from space 134656K, 89% used [0x0000000794a80000,0x000000079bfdf6b8,0x000000079ce00000)
  to   space 182784K, 0% used [0x0000000789800000,0x0000000789800000,0x0000000794a80000)
 ParOldGen       total 542720K, used 314305K [0x00000006c9e00000, 0x00000006eb000000, 0x000000076df80000)
  object space 542720K, 57% used [0x00000006c9e00000,0x00000006dd0f06d0,0x00000006eb000000)
 Metaspace       used 3441K, capacity 4566K, committed 4864K, reserved 1056768K
  class space    used 386K, capacity 390K, committed 512K, reserved 1048576K
Event: 20.551 GC heap after
Heap after GC invocations=13 (full 2):
 PSYoungGen      total 633856K, used 108559K [0x000000076df80000, 0x00000007a6500000, 0x00000007c0000000)
  eden space 451072K, 0% used [0x000000076df80000,0x000000076df80000,0x0000000789800000)
  from space 182784K, 59% used [0x0000000789800000,0x0000000790203d48,0x0000000794a80000)
  to   space 185344K, 0% used [0x000000079b000000,0x000000079b000000,0x00000007a6500000)
 ParOldGen       total 542720K, used 432927K [0x00000006c9e00000, 0x00000006eb000000, 0x000000076df80000)
  object space 542720K, 79% used [0x00000006c9e00000,0x00000006e44c7e70,0x00000006eb000000)
 Metaspace       used 3441K, capacity 4566K, committed 4864K, reserved 1056768K
  class space    used 386K, capacity 390K, committed 512K, reserved 1048576K
}
Event: 20.551 GC heap before
{Heap before GC invocations=14 (full 3):
 PSYoungGen      total 633856K, used 108559K [0x000000076df80000, 0x00000007a6500000, 0x00000007c0000000)
  eden space 451072K, 0% used [0x000000076df80000,0x000000076df80000,0x0000000789800000)
  from space 182784K, 59% used [0x0000000789800000,0x0000000790203d48,0x0000000794a80000)
  to   space 185344K, 0% used [0x000000079b000000,0x000000079b000000,0x00000007a6500000)
 ParOldGen       total 542720K, used 432927K [0x00000006c9e00000, 0x00000006eb000000, 0x000000076df80000)
  object space 542720K, 79% used [0x00000006c9e00000,0x00000006e44c7e70,0x00000006eb000000)
 Metaspace       used 3441K, capacity 4566K, committed 4864K, reserved 1056768K
  class space    used 386K, capacity 390K, committed 512K, reserved 1048576K

